This is pdfTeX, Version 3.141592653-2.6-1.40.27 (MiKTeX 25.2) (preloaded format=pdflatex 2025.3.26)  26 SEP 2025 21:21
entering extended mode
 restricted \write18 enabled.
 %&-line parsing enabled.
**./cancionero_web.tex
(cancionero_web.tex
LaTeX2e <2024-11-01> patch level 2
L3 programming layer <2025-01-18>
(P:\latex\Miktex\tex/latex/base\book.cls
Document Class: book 2024/06/29 v1.4n Standard LaTeX document class
(P:\latex\Miktex\tex/latex/base\bk10.clo
File: bk10.clo 2024/06/29 v1.4n Standard LaTeX file (size option)
)
\c@part=\count196
\c@chapter=\count197
\c@section=\count198
\c@subsection=\count199
\c@subsubsection=\count266
\c@paragraph=\count267
\c@subparagraph=\count268
\c@figure=\count269
\c@table=\count270
\abovecaptionskip=\skip49
\belowcaptionskip=\skip50
\bibindent=\dimen141
)
(P:\latex\Miktex\tex/latex/base\inputenc.sty
Package: inputenc 2024/02/08 v1.3d Input encoding file
\inpenc@prehook=\toks17
\inpenc@posthook=\toks18
)
(P:\latex\Miktex\tex/generic/babel\babel.sty
Package: babel 2025/02/14 v25.4 The multilingual framework for pdfLaTeX, LuaLaT
eX and XeLaTeX
\babel@savecnt=\count271
\U@D=\dimen142
\l@unhyphenated=\language79

(P:\latex\Miktex\tex/generic/babel\txtbabel.def)
\bbl@readstream=\read2
\bbl@dirlevel=\count272

*************************************
* Local config file bblopts.cfg used
*
(P:\latex\Miktex\tex/latex/arabi\bblopts.cfg
File: bblopts.cfg 2005/09/08 v0.1 add Arabic and Farsi to "declared" options of
 babel
)
(P:\latex\Miktex\tex/latex/babel-spanish\spanish.ldf
Language: spanish.ldf 2021/05/27 v5.0q Spanish support from the babel system
\es@quottoks=\toks19
\es@quotdepth=\count273
Package babel Info: Making " an active character on input line 570.
Package babel Info: Making . an active character on input line 675.
Package babel Info: Making < an active character on input line 722.
Package babel Info: Making > an active character on input line 722.
))
(P:\latex\Miktex\tex/generic/babel/locale/es\babel-spanish.tex
Package babel Info: Importing font and identification data for spanish
(babel)             from babel-es.ini. Reported on input line 11.
)
(P:\latex\Miktex\tex/latex/tools\calc.sty
Package: calc 2023/07/08 v4.3 Infix arithmetic (KKT,FJ)
\calc@Acount=\count274
\calc@Bcount=\count275
\calc@Adimen=\dimen143
\calc@Bdimen=\dimen144
\calc@Askip=\skip51
\calc@Bskip=\skip52
LaTeX Info: Redefining \setlength on input line 80.
LaTeX Info: Redefining \addtolength on input line 81.
\calc@Ccount=\count276
\calc@Cskip=\skip53
)
(P:\latex\Miktex\tex/latex/changepage\changepage.sty
Package: changepage 2009/10/20 v1.0c check page and change page layout
\c@cp@cntr=\count277
\cp@tempcnt=\count278
)
(P:\latex\Miktex\tex/latex/xcolor\xcolor.sty
Package: xcolor 2024/09/29 v3.02 LaTeX color extensions (UK)

(P:\latex\Miktex\tex/latex/graphics-cfg\color.cfg
File: color.cfg 2016/01/02 v1.6 sample color configuration
)
Package xcolor Info: Driver file: pdftex.def on input line 274.

(P:\latex\Miktex\tex/latex/graphics-def\pdftex.def
File: pdftex.def 2024/04/13 v1.2c Graphics/color driver for pdftex
)
(P:\latex\Miktex\tex/latex/graphics\mathcolor.ltx)
Package xcolor Info: Model `cmy' substituted by `cmy0' on input line 1349.
Package xcolor Info: Model `hsb' substituted by `rgb' on input line 1353.
Package xcolor Info: Model `RGB' extended on input line 1365.
Package xcolor Info: Model `HTML' substituted by `rgb' on input line 1367.
Package xcolor Info: Model `Hsb' substituted by `hsb' on input line 1368.
Package xcolor Info: Model `tHsb' substituted by `hsb' on input line 1369.
Package xcolor Info: Model `HSB' substituted by `hsb' on input line 1370.
Package xcolor Info: Model `Gray' substituted by `gray' on input line 1371.
Package xcolor Info: Model `wave' substituted by `hsb' on input line 1372.
)
(P:\latex\Miktex\tex/latex/songs\songs.sty
Package: songs 2018/09/12 v3.1 Songs package

(P:\latex\Miktex\tex/generic/iftex\ifpdf.sty
Package: ifpdf 2019/10/25 v3.4 ifpdf legacy package. Use iftex instead.

(P:\latex\Miktex\tex/generic/iftex\iftex.sty
Package: iftex 2024/12/12 v1.0g TeX engine tests
))
\SB@dimen=\dimen145
\SB@dimenii=\dimen146
\SB@dimeniii=\dimen147
\SB@dimeniv=\dimen148
\SB@box=\box52
\SB@boxii=\box53
\SB@boxiii=\box54
\SB@toks=\toks20
\SB@cnt=\count279
\SB@cntii=\count280
\SB@skip=\skip54
\SB@envbox=\box55

(P:\latex\Miktex\tex/latex/graphics\keyval.sty
Package: keyval 2022/05/29 v1.15 key=value parser (DPC)
\KV@toks@=\toks21
)
\c@songnum=\count281
\c@versenum=\count282
\versesep=\skip55
\afterpreludeskip=\skip56
\beforepostludeskip=\skip57
\baselineadj=\skip58
\idxheadwidth=\skip59
\songnumwidth=\skip60
\versenumwidth=\skip61
\cbarwidth=\skip62
\sbarheight=\skip63
\vvpenalty=\count283
\ccpenalty=\count284
\vcpenalty=\count285
\cvpenalty=\count286
\brkpenalty=\count287
\spenalty=\count288
\minfrets=\count289
\SB@colwidth=\dimen149
\SB@songbox=\box56
\SB@numcols=\count290
\SB@colnum=\count291
\SB@colbox=\box57
\SB@pgbox=\box58
\SB@mrkbox=\box59
\SB@groupcnt=\count292
\SB@titlelist=\toks22
\SB@titletail=\toks23
\SB@parindent=\dimen150
\SB@chorusbox=\box60
\SB@cmarkclass=\marks4
\SB@nocmarkclass=\marks5
\SB@grouplvl=\count293
\SB@transposefactor=\count294
\SB@lyric=\toks24
\SB@numhyps=\count295
\SB@lyricnohyp=\toks25
\SB@lyricbox=\box61
\SB@chordbox=\box62
\SB@cr@=\toks26
\SB@ctail=\toks27
\SB@fretwidth=\skip64
\SB@tabindent=\dimen151
\c@SB@songsnum=\count296
\SB@songwrites=\box63
LaTeX Font Info:    External font `cmex10' loaded for size
(Font)              <12> on input line 3785.
LaTeX Font Info:    External font `cmex10' loaded for size
(Font)              <8> on input line 3785.
LaTeX Font Info:    External font `cmex10' loaded for size
(Font)              <6> on input line 3785.
LaTeX Font Info:    External font `cmex10' loaded for size
(Font)              <10.95> on input line 3785.
)
(P:\latex\Miktex\tex/latex/pdfpages\pdfpages.sty
Package: pdfpages 2025/01/30 v0.6e Insert pages of external PDF documents (AM)

(P:\latex\Miktex\tex/latex/base\ifthen.sty
Package: ifthen 2024/03/16 v1.1e Standard LaTeX ifthen package (DPC)
)
(P:\latex\Miktex\tex/latex/eso-pic\eso-pic.sty
Package: eso-pic 2023/05/03 v3.0c eso-pic (RN)
\ESO@tempdima=\dimen152
\ESO@tempdimb=\dimen153
)
(P:\latex\Miktex\tex/latex/etoolbox\etoolbox.sty
Package: etoolbox 2025/02/11 v2.5l e-TeX tools for LaTeX (JAW)
\etb@tempcnta=\count297
)
(P:\latex\Miktex\tex/latex/graphics\graphicx.sty
Package: graphicx 2021/09/16 v1.2d Enhanced LaTeX Graphics (DPC,SPQR)

(P:\latex\Miktex\tex/latex/graphics\graphics.sty
Package: graphics 2024/08/06 v1.4g Standard LaTeX Graphics (DPC,SPQR)

(P:\latex\Miktex\tex/latex/graphics\trig.sty
Package: trig 2023/12/02 v1.11 sin cos tan (DPC)
)
(P:\latex\Miktex\tex/latex/graphics-cfg\graphics.cfg
File: graphics.cfg 2016/06/04 v1.11 sample graphics configuration
)
Package graphics Info: Driver file: pdftex.def on input line 106.
)
\Gin@req@height=\dimen154
\Gin@req@width=\dimen155
)
\AM@pagewidth=\dimen156
\AM@pageheight=\dimen157
\AM@fboxrule=\dimen158

(P:\latex\Miktex\tex/latex/pdfpages\pppdftex.def
File: pppdftex.def 2025/01/30 v0.6e Pdfpages driver for pdfTeX (AM)
)
\pdfpages@includegraphics@status=\count298
\AM@pagebox=\box64
\AM@global@opts=\toks28
\AM@pagecnt=\count299
\AM@toc@title=\toks29
\AM@lof@heading=\toks30
\c@AM@survey=\count300
\AM@templatesizebox=\box65
)
(P:\latex\Miktex\tex/latex/ulem\ulem.sty
\UL@box=\box66
\UL@hyphenbox=\box67
\UL@skip=\skip65
\UL@hook=\toks31
\UL@height=\dimen159
\UL@pe=\count301
\UL@pixel=\dimen160
\ULC@box=\box68
Package: ulem 2019/11/18
\ULdepth=\dimen161
)
(P:\latex\Miktex\tex/latex/koma-script\scrextend.sty
Package: scrextend 2024/10/24 v3.43 KOMA-Script package (extend other classes w
ith features of KOMA-Script classes)

(P:\latex\Miktex\tex/latex/koma-script\scrkbase.sty
Package: scrkbase 2024/10/24 v3.43 KOMA-Script package (KOMA-Script-dependent b
asics and keyval usage)

(P:\latex\Miktex\tex/latex/koma-script\scrbase.sty
Package: scrbase 2024/10/24 v3.43 KOMA-Script package (KOMA-Script-independent 
basics and keyval usage)

(P:\latex\Miktex\tex/latex/koma-script\scrlfile.sty
Package: scrlfile 2024/10/24 v3.43 KOMA-Script package (file load hooks)

(P:\latex\Miktex\tex/latex/koma-script\scrlfile-hook.sty
Package: scrlfile-hook 2024/10/24 v3.43 KOMA-Script package (using LaTeX hooks)


(P:\latex\Miktex\tex/latex/koma-script\scrlogo.sty
Package: scrlogo 2024/10/24 v3.43 KOMA-Script package (logo)
)))
Applying: [2021/05/01] Usage of raw or classic option list on input line 254.
Already applied: [0000/00/00] Usage of raw or classic option list on input line
 370.
)))
(P:\latex\Miktex\tex/latex/geometry\geometry.sty
Package: geometry 2020/01/02 v5.9 Page Geometry

(P:\latex\Miktex\tex/generic/iftex\ifvtex.sty
Package: ifvtex 2019/10/25 v1.7 ifvtex legacy package. Use iftex instead.
)
\Gm@cnth=\count302
\Gm@cntv=\count303
\c@Gm@tempcnt=\count304
\Gm@bindingoffset=\dimen162
\Gm@wd@mp=\dimen163
\Gm@odd@mp=\dimen164
\Gm@even@mp=\dimen165
\Gm@layoutwidth=\dimen166
\Gm@layoutheight=\dimen167
\Gm@layouthoffset=\dimen168
\Gm@layoutvoffset=\dimen169
\Gm@dimlist=\toks32

(P:\latex\Miktex\tex/latex/geometry\geometry.cfg)

Package geometry Warning: Over-specification in `h'-direction.
    `width' (469.47046pt) is ignored.


Package geometry Warning: Over-specification in `v'-direction.
    `height' (666.36348pt) is ignored.

) (P:\latex\Miktex\tex/latex/imakeidx\imakeidx.sty
Package: imakeidx 2016/10/15 v1.3e Package for typesetting indices in a synchro
nous mode

(P:\latex\Miktex\tex/latex/xkeyval\xkeyval.sty
Package: xkeyval 2022/06/16 v2.9 package option processing (HA)

(P:\latex\Miktex\tex/generic/xkeyval\xkeyval.tex
(P:\latex\Miktex\tex/generic/xkeyval\xkvutils.tex
\XKV@toks=\toks33
\XKV@tempa@toks=\toks34
)
\XKV@depth=\count305
File: xkeyval.tex 2014/12/03 v2.7a key=value parser (HA)
))
(P:\latex\Miktex\tex/generic/iftex\ifxetex.sty
Package: ifxetex 2019/10/25 v0.7 ifxetex legacy package. Use iftex instead.
)
(P:\latex\Miktex\tex/generic/iftex\ifluatex.sty
Package: ifluatex 2019/10/25 v1.5 ifluatex legacy package. Use iftex instead.
)
(P:\latex\Miktex\tex/latex/tools\multicol.sty
Package: multicol 2024/09/14 v1.9i multicolumn formatting (FMi)
\c@tracingmulticols=\count306
\mult@box=\box69
\multicol@leftmargin=\dimen170
\c@unbalance=\count307
\c@collectmore=\count308
\doublecol@number=\count309
\multicoltolerance=\count310
\multicolpretolerance=\count311
\full@width=\dimen171
\page@free=\dimen172
\premulticols=\dimen173
\postmulticols=\dimen174
\multicolsep=\skip66
\multicolbaselineskip=\skip67
\partial@page=\box70
\last@line=\box71
\mc@boxedresult=\box72
\maxbalancingoverflow=\dimen175
\mult@rightbox=\box73
\mult@grightbox=\box74
\mult@firstbox=\box75
\mult@gfirstbox=\box76
\@tempa=\box77
\@tempa=\box78
\@tempa=\box79
\@tempa=\box80
\@tempa=\box81
\@tempa=\box82
\@tempa=\box83
\@tempa=\box84
\@tempa=\box85
\@tempa=\box86
\@tempa=\box87
\@tempa=\box88
\@tempa=\box89
\@tempa=\box90
\@tempa=\box91
\@tempa=\box92
\@tempa=\box93
\@tempa=\box94
\@tempa=\box95
\@tempa=\box96
\@tempa=\box97
\@tempa=\box98
\@tempa=\box99
\@tempa=\box100
\@tempa=\box101
\@tempa=\box102
\@tempa=\box103
\@tempa=\box104
\@tempa=\box105
\@tempa=\box106
\@tempa=\box107
\@tempa=\box108
\@tempa=\box109
\@tempa=\box110
\@tempa=\box111
\@tempa=\box112
\c@minrows=\count312
\c@columnbadness=\count313
\c@finalcolumnbadness=\count314
\last@try=\dimen176
\multicolovershoot=\dimen177
\multicolundershoot=\dimen178
\mult@nat@firstbox=\box113
\colbreak@box=\box114
\mc@col@check@num=\count315
))
\tema@idxfile=\write3
\openout3 = `tema.idx'.


Writing index file tema.idx
\titleidx@idxfile=\write4
\openout4 = `titleidx.idx'.

Writing index file titleidx.idx
\SB@out=\write5
\openout5 = `cancionero_web.sxc'.

(P:\latex\Miktex\tex/latex/hyperref\hyperref.sty
Package: hyperref 2024-11-05 v7.01l Hypertext links for LaTeX

(P:\latex\Miktex\tex/latex/kvsetkeys\kvsetkeys.sty
Package: kvsetkeys 2022-10-05 v1.19 Key value parser (HO)
)
(P:\latex\Miktex\tex/generic/kvdefinekeys\kvdefinekeys.sty
Package: kvdefinekeys 2019-12-19 v1.6 Define keys (HO)
)
(P:\latex\Miktex\tex/generic/pdfescape\pdfescape.sty
Package: pdfescape 2019/12/09 v1.15 Implements pdfTeX's escape features (HO)

(P:\latex\Miktex\tex/generic/ltxcmds\ltxcmds.sty
Package: ltxcmds 2023-12-04 v1.26 LaTeX kernel commands for general use (HO)
)
(P:\latex\Miktex\tex/generic/pdftexcmds\pdftexcmds.sty
Package: pdftexcmds 2020-06-27 v0.33 Utility functions of pdfTeX for LuaTeX (HO
)

(P:\latex\Miktex\tex/generic/infwarerr\infwarerr.sty
Package: infwarerr 2019/12/03 v1.5 Providing info/warning/error messages (HO)
)
Package pdftexcmds Info: \pdf@primitive is available.
Package pdftexcmds Info: \pdf@ifprimitive is available.
Package pdftexcmds Info: \pdfdraftmode found.
))
(P:\latex\Miktex\tex/latex/hycolor\hycolor.sty
Package: hycolor 2020-01-27 v1.10 Color options for hyperref/bookmark (HO)
)
(P:\latex\Miktex\tex/latex/hyperref\nameref.sty
Package: nameref 2023-11-26 v2.56 Cross-referencing by name of section

(P:\latex\Miktex\tex/latex/refcount\refcount.sty
Package: refcount 2019/12/15 v3.6 Data extraction from label references (HO)
)
(P:\latex\Miktex\tex/generic/gettitlestring\gettitlestring.sty
Package: gettitlestring 2019/12/15 v1.6 Cleanup title references (HO)

(P:\latex\Miktex\tex/latex/kvoptions\kvoptions.sty
Package: kvoptions 2022-06-15 v3.15 Key value format for package options (HO)
))
\c@section@level=\count316
)
(P:\latex\Miktex\tex/generic/stringenc\stringenc.sty
Package: stringenc 2019/11/29 v1.12 Convert strings between diff. encodings (HO
)
)
\@linkdim=\dimen179
\Hy@linkcounter=\count317
\Hy@pagecounter=\count318

(P:\latex\Miktex\tex/latex/hyperref\pd1enc.def
File: pd1enc.def 2024-11-05 v7.01l Hyperref: PDFDocEncoding definition (HO)
Now handling font encoding PD1 ...
... no UTF-8 mapping file for font encoding PD1
)
(P:\latex\Miktex\tex/generic/intcalc\intcalc.sty
Package: intcalc 2019/12/15 v1.3 Expandable calculations with integers (HO)
)
\Hy@SavedSpaceFactor=\count319

(P:\latex\Miktex\tex/latex/hyperref\puenc.def
File: puenc.def 2024-11-05 v7.01l Hyperref: PDF Unicode definition (HO)
Now handling font encoding PU ...
... no UTF-8 mapping file for font encoding PU
)
Package hyperref Info: Hyper figures OFF on input line 4157.
Package hyperref Info: Link nesting OFF on input line 4162.
Package hyperref Info: Hyper index ON on input line 4165.
Package hyperref Info: Plain pages OFF on input line 4172.
Package hyperref Info: Backreferencing OFF on input line 4177.
Package hyperref Info: Implicit mode ON; LaTeX internals redefined.
Package hyperref Info: Bookmarks ON on input line 4424.
\c@Hy@tempcnt=\count320

(P:\latex\Miktex\tex/latex/url\url.sty
\Urlmuskip=\muskip17
Package: url 2013/09/16  ver 3.4  Verb mode for urls, etc.
)
LaTeX Info: Redefining \url on input line 4763.
\XeTeXLinkMargin=\dimen180

(P:\latex\Miktex\tex/generic/bitset\bitset.sty
Package: bitset 2019/12/09 v1.3 Handle bit-vector datatype (HO)

(P:\latex\Miktex\tex/generic/bigintcalc\bigintcalc.sty
Package: bigintcalc 2019/12/15 v1.5 Expandable calculations on big integers (HO
)
))
\Fld@menulength=\count321
\Field@Width=\dimen181
\Fld@charsize=\dimen182
Package hyperref Info: Hyper figures OFF on input line 6042.
Package hyperref Info: Link nesting OFF on input line 6047.
Package hyperref Info: Hyper index ON on input line 6050.
Package hyperref Info: backreferencing OFF on input line 6057.
Package hyperref Info: Link coloring OFF on input line 6062.
Package hyperref Info: Link coloring with OCG OFF on input line 6067.
Package hyperref Info: PDF/A mode OFF on input line 6072.

(P:\latex\Miktex\tex/latex/base\atbegshi-ltx.sty
Package: atbegshi-ltx 2021/01/10 v1.0c Emulation of the original atbegshi
package with kernel methods
)
\Hy@abspage=\count322
\c@Item=\count323
\c@Hfootnote=\count324
)
Package hyperref Info: Driver (autodetected): hpdftex.

(P:\latex\Miktex\tex/latex/hyperref\hpdftex.def
File: hpdftex.def 2024-11-05 v7.01l Hyperref driver for pdfTeX

(P:\latex\Miktex\tex/latex/base\atveryend-ltx.sty
Package: atveryend-ltx 2020/08/19 v1.0a Emulation of the original atveryend pac
kage
with kernel methods
)
\Fld@listcount=\count325
\c@bookmark@seq@number=\count326

(P:\latex\Miktex\tex/latex/rerunfilecheck\rerunfilecheck.sty
Package: rerunfilecheck 2022-07-10 v1.10 Rerun checks for auxiliary files (HO)

(P:\latex\Miktex\tex/generic/uniquecounter\uniquecounter.sty
Package: uniquecounter 2019/12/15 v1.4 Provide unlimited unique counter (HO)
)
Package uniquecounter Info: New unique counter `rerunfilecheck' on input line 2
85.
)
\Hy@SectionHShift=\skip68
)
Package hyperref Info: Option `colorlinks' set `true' on input line 59.
Package hyperref Info: Option `linktocpage' set `true' on input line 59.

(P:\latex\Miktex\tex/latex/l3backend\l3backend-pdftex.def
File: l3backend-pdftex.def 2024-05-08 L3 backend support: PDF output (pdfTeX)
\l__color_backend_stack_int=\count327
\l__pdf_internal_box=\box115
) (cancionero_web.aux
LaTeX Info: Redefining \. on input line 12.
LaTeX Info: Redefining \% on input line 12.
)
\openout1 = `cancionero_web.aux'.

LaTeX Font Info:    Checking defaults for OML/cmm/m/it on input line 120.
LaTeX Font Info:    ... okay on input line 120.
LaTeX Font Info:    Checking defaults for OMS/cmsy/m/n on input line 120.
LaTeX Font Info:    ... okay on input line 120.
LaTeX Font Info:    Checking defaults for OT1/cmr/m/n on input line 120.
LaTeX Font Info:    ... okay on input line 120.
LaTeX Font Info:    Checking defaults for T1/cmr/m/n on input line 120.
LaTeX Font Info:    ... okay on input line 120.
LaTeX Font Info:    Checking defaults for TS1/cmr/m/n on input line 120.
LaTeX Font Info:    ... okay on input line 120.
LaTeX Font Info:    Checking defaults for OMX/cmex/m/n on input line 120.
LaTeX Font Info:    ... okay on input line 120.
LaTeX Font Info:    Checking defaults for U/cmr/m/n on input line 120.
LaTeX Font Info:    ... okay on input line 120.
LaTeX Font Info:    Checking defaults for PD1/pdf/m/n on input line 120.
LaTeX Font Info:    ... okay on input line 120.
LaTeX Font Info:    Checking defaults for PU/pdf/m/n on input line 120.
LaTeX Font Info:    ... okay on input line 120.
LaTeX Info: Redefining \. on input line 120.
LaTeX Info: Redefining \% on input line 120.
(P:\latex\Miktex\tex/context/base/mkii\supp-pdf.mkii
[Loading MPS to PDF converter (version 2006.09.02).]
\scratchcounter=\count328
\scratchdimen=\dimen183
\scratchbox=\box116
\nofMPsegments=\count329
\nofMParguments=\count330
\everyMPshowfont=\toks35
\MPscratchCnt=\count331
\MPscratchDim=\dimen184
\MPnumerator=\count332
\makeMPintoPDFobject=\count333
\everyMPtoPDFconversion=\toks36
) (P:\latex\Miktex\tex/latex/epstopdf-pkg\epstopdf-base.sty
Package: epstopdf-base 2020-01-24 v2.11 Base part for package epstopdf
Package epstopdf-base Info: Redefining graphics rule for `.eps' on input line 4
85.

(P:\latex\Miktex\tex/latex/00miktex\epstopdf-sys.cfg
File: epstopdf-sys.cfg 2021/03/18 v2.0 Configuration of epstopdf for MiKTeX
))

LaTeX Font Warning: Font shape `OT1/cmss/m/sl' in size <13.19997> not available

(Font)              size <12> substituted on input line 120.

LaTeX Font Info:    Calculating math sizes for size <13.19997> on input line 12
0.

LaTeX Font Warning: Font shape `OT1/cmr/m/n' in size <13.19997> not available
(Font)              size <12> substituted on input line 120.


LaTeX Font Warning: Font shape `OT1/cmr/m/n' in size <6.59998> not available
(Font)              size <7> substituted on input line 120.


LaTeX Font Warning: Font shape `OML/cmm/m/it' in size <13.19997> not available
(Font)              size <12> substituted on input line 120.


LaTeX Font Warning: Font shape `OML/cmm/m/it' in size <6.59998> not available
(Font)              size <7> substituted on input line 120.


LaTeX Font Warning: Font shape `OMS/cmsy/m/n' in size <13.19997> not available
(Font)              size <12> substituted on input line 120.


LaTeX Font Warning: Font shape `OMS/cmsy/m/n' in size <6.59998> not available
(Font)              size <7> substituted on input line 120.

LaTeX Font Info:    External font `cmex10' loaded for size
(Font)              <13.19997> on input line 120.
LaTeX Font Info:    External font `cmex10' loaded for size
(Font)              <9.23993> on input line 120.
LaTeX Font Info:    External font `cmex10' loaded for size
(Font)              <6.59998> on input line 120.
(P:\latex\Miktex\tex/latex/pdflscape\pdflscape.sty
Package: pdflscape 2022-10-27 v0.13 Display of landscape pages in PDF

(P:\latex\Miktex\tex/latex/pdflscape\pdflscape-nometadata.sty
Package: pdflscape-nometadata 2022-10-28 v0.13 Display of landscape pages in PD
F (HO)

(P:\latex\Miktex\tex/latex/graphics\lscape.sty
Package: lscape 2020/05/28 v3.02 Landscape Pages (DPC)
)
Package pdflscape Info: Auto-detected driver: pdftex on input line 81.
))
*geometry* driver: auto-detecting
*geometry* detected driver: pdftex
*geometry* verbose mode - [ preamble ] result:
* driver: pdftex
* paper: a4paper
* layout: <same size as paper>
* layoutoffset:(h,v)=(0.0pt,0.0pt)
* modes: twoside 
* h-part:(L,W,R)=(71.13188pt, 497.92325pt, 28.45274pt)
* v-part:(T,H,B)=(28.45274pt, 759.6886pt, 56.9055pt)
* \paperwidth=597.50787pt
* \paperheight=845.04684pt
* \textwidth=497.92325pt
* \textheight=759.6886pt
* \oddsidemargin=-1.1381pt
* \evensidemargin=-43.81725pt
* \topmargin=-114.94911pt
* \headheight=42.67912pt
* \headsep=28.45274pt
* \topskip=10.0pt
* \footskip=42.67912pt
* \marginparwidth=115.0pt
* \marginparsep=7.0pt
* \columnsep=10.0pt
* \skip\footins=10.5pt plus 4.66617pt minus 2.33383pt
* \hoffset=0.0pt
* \voffset=0.0pt
* \mag=1000
* \@twocolumnfalse
* \@twosidetrue
* \@mparswitchtrue
* \@reversemarginfalse
* (1in=72.27pt=25.4mm, 1cm=28.453pt)

Package hyperref Info: Link coloring ON on input line 120.
(cancionero_web.out) (cancionero_web.out)
\@outlinefile=\write6
\openout6 = `cancionero_web.out'.



LaTeX Font Warning: Font shape `OT1/cmr/m/n' in size <27.36807> not available
(Font)              size <24.88> substituted on input line 124.


LaTeX Font Warning: Font shape `OT1/cmr/bx/n' in size <27.36807> not available
(Font)              size <24.88> substituted on input line 124.

(cancionero_web.toc
LaTeX Info: Redefining \. on input line 1.
LaTeX Info: Redefining \% on input line 1.
LaTeX Font Info:    Calculating math sizes for size <11> on input line 3.


LaTeX Font Warning: Font shape `OT1/cmr/m/n' in size <5.5> not available
(Font)              size <5> substituted on input line 3.


LaTeX Font Warning: Font shape `OML/cmm/m/it' in size <5.5> not available
(Font)              size <5> substituted on input line 3.


LaTeX Font Warning: Font shape `OMS/cmsy/m/n' in size <5.5> not available
(Font)              size <5> substituted on input line 3.

LaTeX Font Info:    External font `cmex10' loaded for size
(Font)              <11> on input line 3.
LaTeX Font Info:    External font `cmex10' loaded for size
(Font)              <7.69997> on input line 3.
LaTeX Font Info:    External font `cmex10' loaded for size
(Font)              <5.5> on input line 3.
)
\tf@toc=\write7
\openout7 = `cancionero_web.toc'.



[1


{C:/Users/vinac/AppData/Local/MiKTeX/fonts/map/pdftex/pdftex.map}]

LaTeX Font Warning: Font shape `OT1/cmss/bx/n' in size <19.00797> not available

(Font)              size <17.28> substituted on input line 136.


Underfull \hbox (badness 10000) in paragraph at lines 143--143

 []


Overfull \hbox (8.5279pt too wide) in paragraph at lines 143--143
 []  
 []


LaTeX Font Warning: Font shape `OT1/cmss/m/sl' in size <15.84003> not available

(Font)              size <17.28> substituted on input line 170.


LaTeX Font Warning: Font shape `OT1/cmr/m/sl' in size <5.5> not available
(Font)              size <5> substituted on input line 170.


LaTeX Font Warning: Font shape `OT1/cmr/bx/n' in size <5.5> not available
(Font)              size <5> substituted on input line 170.



[1

]
runsystem(makeindex titleidx.idx)...executed safely (allowed).

 (titleidx.ind)
\openout5 = `cbtitle.sxd'.

 (cancionero_web.sxc)

[2



] (cancionero_web.aux
LaTeX Info: Redefining \. on input line 12.
LaTeX Info: Redefining \% on input line 12.
)
 ***********
LaTeX2e <2024-11-01> patch level 2
L3 programming layer <2025-01-18>
 ***********


LaTeX Font Warning: Size substitutions with differences
(Font)              up to 2.48807pt have occurred.

Package rerunfilecheck Info: File `cancionero_web.out' has not changed.
(rerunfilecheck)             Checksum: 05ADE6A4D86F86C1A4CE1F3BBC5E0329;236.
 ) 
Here is how much of TeX's memory you used:
 14254 strings out of 473523
 223288 string characters out of 5728579
 695094 words of memory out of 5000000
 37259 multiletter control sequences out of 15000+600000
 568003 words of font info for 66 fonts, out of 8000000 for 9000
 1141 hyphenation exceptions out of 8191
 108i,8n,107p,303b,519s stack positions out of 10000i,1000n,20000p,200000b,200000s
<P:/latex/Miktex/fonts/type1/public/amsfonts/cm/cmbx10.pfb><P:/latex/Miktex/f
onts/type1/public/amsfonts/cm/cmbx12.pfb><P:/latex/Miktex/fonts/type1/public/am
sfonts/cm/cmr10.pfb><P:/latex/Miktex/fonts/type1/public/amsfonts/cm/cmssbx10.pf
b><P:/latex/Miktex/fonts/type1/public/amsfonts/cm/cmssi17.pfb>
Output written on cancionero_web.pdf (3 pages, 69811 bytes).
PDF statistics:
 61 PDF objects out of 1000 (max. 8388607)
 9 named destinations out of 1000 (max. 500000)
 17 words of extra memory for PDF output out of 10000 (max. 10000000)

